1618429084.282937 access("/etc/ld.so.preload", R_OK) = -1 ENOENT (No such file or directory)
1618429084.283156 read(3, "\177ELF\2\1\1\3\0\0"..., 832) = 832
1618429084.283946 access("/etc/ld.so.preload", R_OK) = -1 ENOENT (No such file or directory)
1618429084.284042 read(3, "\177ELF\2\1\1\0\0\0"..., 832) = 832
1618429084.284177 read(3, "\177ELF\2\1\1\0\0\0"..., 832) = 832
1618429084.284283 read(3, "\177ELF\2\1\1\3\0\0"..., 832) = 832
1618429084.284615 read(3, "\177ELF\2\1\1\0\0\0"..., 832) = 832
1618429084.285690 read(3, "# GNU libc"..., 4096) = 4096
1618429084.285756 read(3, "B1002//\tJU"..., 4096) = 4096
1618429084.285828 read(3, "\tISO-IR-11"..., 4096) = 4096
1618429084.285899 read(3, "\t\t\tISO-885"..., 4096) = 4096
1618429084.285976 read(3, "DIC-ES//\na"..., 4096) = 4096
1618429084.286056 read(3, "CDIC-CP-ES"..., 4096) = 4096
1618429084.286175 read(3, "\t\tIBM863//"..., 4096) = 4096
1618429084.286280 read(3, "937//\t\tIBM"..., 4096) = 4096
1618429084.286383 read(3, "UJIS//\t\t\tE"..., 4096) = 4096
1618429084.286496 read(3, "lias\tISO20"..., 4096) = 4096
1618429084.286603 read(3, "O_5427-EXT"..., 4096) = 4096
1618429084.286733 read(3, "ost\nmodule"..., 4096) = 4096
1618429084.286866 read(3, "112//\t\tINT"..., 4096) = 4096
1618429084.287022 read(3, "s\tCP9448//"..., 4096) = 3105
1618429084.287140 read(3, "", 4096)     = 0
1618429084.288060 access("/usr/bin/bash", X_OK) = 0
1618429084.288136 access("/usr/bin/bash", R_OK) = 0
1618429084.288222 access("/usr/bin/bash", X_OK) = 0
1618429084.288297 access("/usr/bin/bash", R_OK) = 0
1618429084.288849 read(3, "# WARNING:"..., 88) = 88
1618429084.288942 read(3, "# Setup\n# "..., 2114) = 2114
1618429084.289032 read(3, "# Usage: i"..., 1349) = 1349
strace: Process 2357832 attached
[pid 2357831] 1618429084.289378 read(3, strace: Process 2357833 attached
strace: Process 2357834 attached
strace: Process 2357835 attached
 <unfinished ...>
[pid 2357833] 1618429084.290063 access("/usr/bin/du", X_OK) = 0
[pid 2357833] 1618429084.290180 access("/usr/bin/du", R_OK) = 0
[pid 2357834] 1618429084.290208 access("/usr/bin/cut", X_OK) = 0
[pid 2357834] 1618429084.290292 access("/usr/bin/cut", R_OK) = 0
[pid 2357833] 1618429084.290320 access("/usr/bin/du", X_OK) = 0
[pid 2357835] 1618429084.290386 access("/usr/bin/tr", X_OK) = 0
[pid 2357834] 1618429084.290431 access("/usr/bin/cut", X_OK) = 0
[pid 2357833] 1618429084.290457 access("/usr/bin/du", R_OK) = 0
[pid 2357835] 1618429084.290487 access("/usr/bin/tr", R_OK) = 0
[pid 2357834] 1618429084.290546 access("/usr/bin/cut", R_OK) = 0
[pid 2357835] 1618429084.290601 access("/usr/bin/tr", X_OK) = 0
[pid 2357835] 1618429084.290685 access("/usr/bin/tr", R_OK) = 0
[pid 2357833] 1618429084.290775 access("/etc/ld.so.preload", R_OK) = -1 ENOENT (No such file or directory)
[pid 2357834] 1618429084.290830 access("/etc/ld.so.preload", R_OK) = -1 ENOENT (No such file or directory)
[pid 2357833] 1618429084.290892 read(3, "\177ELF\2\1\1\3\0\0"..., 832) = 832
[pid 2357834] 1618429084.290925 read(3,  <unfinished ...>
[pid 2357835] 1618429084.290935 access("/etc/ld.so.preload", R_OK <unfinished ...>
[pid 2357834] 1618429084.290949 <... read resumed>"\177ELF\2\1\1\3\0\0"..., 832) = 832
[pid 2357835] 1618429084.290957 <... access resumed>) = -1 ENOENT (No such file or directory)
[pid 2357835] 1618429084.291036 read(3, "\177ELF\2\1\1\3\0\0"..., 832) = 832
[pid 2357834] 1618429084.291420 read(0,  <unfinished ...>
[pid 2357835] 1618429084.291447 read(0,  <unfinished ...>
[pid 2357833] 1618429084.291730 write(1, "28\t/home/w"..., 34) = 34
[pid 2357834] 1618429084.291753 <... read resumed>"28\t/home/w"..., 4096) = 34
[pid 2357834] 1618429084.291784 read(0, "", 4096) = 0
[pid 2357834] 1618429084.291834 write(1, "/home/wack"..., 31 <unfinished ...>
[pid 2357833] 1618429084.291850 +++ exited with 0 +++
[pid 2357835] 1618429084.291859 <... read resumed>"/home/wack"..., 8192) = 31
[pid 2357834] 1618429084.291867 <... write resumed>) = 31
[pid 2357835] 1618429084.291894 read(0, "", 8192) = 0
[pid 2357835] 1618429084.291928 write(1, "/home/wack"..., 30) = 30
[pid 2357831] 1618429084.291950 <... read resumed>"/home/wack"..., 512) = 30
[pid 2357831] 1618429084.291977 read(3,  <unfinished ...>
[pid 2357834] 1618429084.292001 +++ exited with 0 +++
[pid 2357835] 1618429084.292055 +++ exited with 0 +++
[pid 2357832] 1618429084.292116 --- SIGCHLD {si_signo=SIGCHLD, si_code=CLD_EXITED, si_pid=2357833, si_uid=1000, si_status=0, si_utime=0, si_stime=0} ---
[pid 2357831] 1618429084.292256 <... read resumed>"", 512) = 0
[pid 2357832] 1618429084.292265 +++ exited with 0 +++
1618429084.292273 --- SIGCHLD {si_signo=SIGCHLD, si_code=CLD_EXITED, si_pid=2357832, si_uid=1000, si_status=0, si_utime=0, si_stime=0} ---
strace: Process 2357836 attached
[pid 2357831] 1618429084.292634 read(3, strace: Process 2357837 attached
strace: Process 2357838 attached
 <unfinished ...>
[pid 2357837] 1618429084.293197 access("/usr/bin/env", X_OK) = 0
[pid 2357837] 1618429084.293278 access("/usr/bin/env", R_OK) = 0
[pid 2357838] 1618429084.293341 access("/usr/bin/sed", X_OK) = 0
[pid 2357837] 1618429084.293368 access("/usr/bin/env", X_OK) = 0
[pid 2357838] 1618429084.293418 access("/usr/bin/sed", R_OK) = 0
[pid 2357837] 1618429084.293444 access("/usr/bin/env", R_OK) = 0
[pid 2357838] 1618429084.293505 access("/usr/bin/sed", X_OK) = 0
[pid 2357838] 1618429084.293573 access("/usr/bin/sed", R_OK) = 0
[pid 2357837] 1618429084.293689 access("/etc/ld.so.preload", R_OK) = -1 ENOENT (No such file or directory)
[pid 2357837] 1618429084.293776 read(3, "\177ELF\2\1\1\3\0\0"..., 832) = 832
[pid 2357838] 1618429084.293814 access("/etc/ld.so.preload", R_OK) = -1 ENOENT (No such file or directory)
[pid 2357838] 1618429084.293891 read(3, "\177ELF\2\1\1\0\0\0"..., 832) = 832
[pid 2357838] 1618429084.294010 read(3, "\177ELF\2\1\1\3\0\0"..., 832) = 832
[pid 2357837] 1618429084.294205 write(1, "SHELL=/bin"..., 2187) = 2187
[pid 2357837] 1618429084.294291 +++ exited with 0 +++
[pid 2357838] 1618429084.294454 read(3, "# GNU libc"..., 4096) = 4096
[pid 2357838] 1618429084.294497 read(3, "B1002//\tJU"..., 4096) = 4096
[pid 2357838] 1618429084.294555 read(3, "\tISO-IR-11"..., 4096) = 4096
[pid 2357838] 1618429084.294620 read(3, "\t\t\tISO-885"..., 4096) = 4096
[pid 2357838] 1618429084.294722 read(3, "DIC-ES//\na"..., 4096) = 4096
[pid 2357838] 1618429084.294799 read(3, "CDIC-CP-ES"..., 4096) = 4096
[pid 2357838] 1618429084.294874 read(3, "\t\tIBM863//"..., 4096) = 4096
[pid 2357838] 1618429084.294955 read(3, "937//\t\tIBM"..., 4096) = 4096
[pid 2357838] 1618429084.295040 read(3, "UJIS//\t\t\tE"..., 4096) = 4096
[pid 2357838] 1618429084.295170 read(3, "lias\tISO20"..., 4096) = 4096
[pid 2357838] 1618429084.295260 read(3, "O_5427-EXT"..., 4096) = 4096
[pid 2357838] 1618429084.295364 read(3, "ost\nmodule"..., 4096) = 4096
[pid 2357838] 1618429084.295468 read(3, "112//\t\tINT"..., 4096) = 4096
[pid 2357838] 1618429084.295588 read(3, "s\tCP9448//"..., 4096) = 3105
[pid 2357838] 1618429084.295681 read(3, "", 4096) = 0
[pid 2357838] 1618429084.296013 read(0, "SHELL=/bin"..., 4096) = 2187
[pid 2357838] 1618429084.296114 read(0, "", 4096) = 0
[pid 2357838] 1618429084.296140 write(1, "/home/wack"..., 261) = 261
[pid 2357831] 1618429084.296160 <... read resumed>"/home/wack"..., 512) = 261
[pid 2357831] 1618429084.296205 read(3,  <unfinished ...>
[pid 2357838] 1618429084.296239 +++ exited with 0 +++
[pid 2357836] 1618429084.296305 --- SIGCHLD {si_signo=SIGCHLD, si_code=CLD_EXITED, si_pid=2357837, si_uid=1000, si_status=0, si_utime=0, si_stime=0} ---
[pid 2357831] 1618429084.296482 <... read resumed>"", 512) = 0
[pid 2357836] 1618429084.296496 +++ exited with 0 +++
1618429084.296560 --- SIGCHLD {si_signo=SIGCHLD, si_code=CLD_EXITED, si_pid=2357836, si_uid=1000, si_status=0, si_utime=0, si_stime=0} ---
strace: Process 2357839 attached
[pid 2357831] 1618429084.297208 read(3, strace: Process 2357840 attached
strace: Process 2357841 attached
 <unfinished ...>
[pid 2357840] 1618429084.297892 access("/usr/bin/env", X_OK) = 0
[pid 2357840] 1618429084.297972 access("/usr/bin/env", R_OK) = 0
[pid 2357841] 1618429084.298025 access("/usr/bin/sed", X_OK) = 0
[pid 2357840] 1618429084.298061 access("/usr/bin/env", X_OK) = 0
[pid 2357841] 1618429084.298108 access("/usr/bin/sed", R_OK) = 0
[pid 2357840] 1618429084.298144 access("/usr/bin/env", R_OK) = 0
[pid 2357841] 1618429084.298194 access("/usr/bin/sed", X_OK) = 0
[pid 2357841] 1618429084.298265 access("/usr/bin/sed", R_OK) = 0
[pid 2357840] 1618429084.298394 access("/etc/ld.so.preload", R_OK) = -1 ENOENT (No such file or directory)
[pid 2357840] 1618429084.298484 read(3, "\177ELF\2\1\1\3\0\0"..., 832) = 832
[pid 2357841] 1618429084.298518 access("/etc/ld.so.preload", R_OK) = -1 ENOENT (No such file or directory)
[pid 2357841] 1618429084.298596 read(3, "\177ELF\2\1\1\0\0\0"..., 832) = 832
[pid 2357841] 1618429084.298711 read(3, "\177ELF\2\1\1\3\0\0"..., 832) = 832
[pid 2357840] 1618429084.298921 write(1, "SHELL=/bin"..., 2156) = 2156
[pid 2357840] 1618429084.299011 +++ exited with 0 +++
[pid 2357841] 1618429084.299154 read(3, "# GNU libc"..., 4096) = 4096
[pid 2357841] 1618429084.299197 read(3, "B1002//\tJU"..., 4096) = 4096
[pid 2357841] 1618429084.299255 read(3, "\tISO-IR-11"..., 4096) = 4096
[pid 2357841] 1618429084.299316 read(3, "\t\t\tISO-885"..., 4096) = 4096
[pid 2357841] 1618429084.299379 read(3, "DIC-ES//\na"..., 4096) = 4096
[pid 2357841] 1618429084.299445 read(3, "CDIC-CP-ES"..., 4096) = 4096
[pid 2357841] 1618429084.299520 read(3, "\t\tIBM863//"..., 4096) = 4096
[pid 2357841] 1618429084.299600 read(3, "937//\t\tIBM"..., 4096) = 4096
[pid 2357841] 1618429084.299685 read(3, "UJIS//\t\t\tE"..., 4096) = 4096
[pid 2357841] 1618429084.299771 read(3, "lias\tISO20"..., 4096) = 4096
[pid 2357841] 1618429084.299858 read(3, "O_5427-EXT"..., 4096) = 4096
[pid 2357841] 1618429084.299961 read(3, "ost\nmodule"..., 4096) = 4096
[pid 2357841] 1618429084.300109 read(3, "112//\t\tINT"..., 4096) = 4096
[pid 2357841] 1618429084.300303 read(3, "s\tCP9448//"..., 4096) = 3105
[pid 2357841] 1618429084.300437 read(3, "", 4096) = 0
[pid 2357841] 1618429084.300809 read(0, "SHELL=/bin"..., 4096) = 2156
[pid 2357841] 1618429084.300876 read(0, "", 4096) = 0
[pid 2357841] 1618429084.300895 write(1, "/home/wack"..., 230) = 230
[pid 2357831] 1618429084.300942 <... read resumed>"/home/wack"..., 512) = 230
[pid 2357841] 1618429084.300984 +++ exited with 0 +++
[pid 2357831] 1618429084.300994 read(3,  <unfinished ...>
[pid 2357839] 1618429084.301074 --- SIGCHLD {si_signo=SIGCHLD, si_code=CLD_EXITED, si_pid=2357840, si_uid=1000, si_status=0, si_utime=0, si_stime=0} ---
[pid 2357839] 1618429084.301220 +++ exited with 0 +++
1618429084.301247 <... read resumed>"", 512) = 0
1618429084.301323 --- SIGCHLD {si_signo=SIGCHLD, si_code=CLD_EXITED, si_pid=2357839, si_uid=1000, si_status=0, si_utime=0, si_stime=0} ---
strace: Process 2357842 attached
[pid 2357831] 1618429084.301833 read(3, strace: Process 2357843 attached
strace: Process 2357844 attached
 <unfinished ...>
[pid 2357843] 1618429084.302475 access("/usr/bin/du", X_OK) = 0
strace: Process 2357845 attached
[pid 2357843] 1618429084.302585 access("/usr/bin/du", R_OK) = 0
[pid 2357843] 1618429084.302710 access("/usr/bin/du", X_OK <unfinished ...>
[pid 2357844] 1618429084.302723 access("/usr/bin/cut", X_OK <unfinished ...>
[pid 2357843] 1618429084.302734 <... access resumed>) = 0
[pid 2357844] 1618429084.302745 <... access resumed>) = 0
[pid 2357844] 1618429084.302840 access("/usr/bin/cut", R_OK <unfinished ...>
[pid 2357843] 1618429084.302852 access("/usr/bin/du", R_OK <unfinished ...>
[pid 2357844] 1618429084.302868 <... access resumed>) = 0
[pid 2357843] 1618429084.302879 <... access resumed>) = 0
[pid 2357845] 1618429084.302926 access("/usr/bin/tr", X_OK) = 0
[pid 2357844] 1618429084.302993 access("/usr/bin/cut", X_OK) = 0
[pid 2357845] 1618429084.303030 access("/usr/bin/tr", R_OK) = 0
[pid 2357844] 1618429084.303088 access("/usr/bin/cut", R_OK) = 0
[pid 2357845] 1618429084.303132 access("/usr/bin/tr", X_OK) = 0
[pid 2357843] 1618429084.303204 access("/etc/ld.so.preload", R_OK) = -1 ENOENT (No such file or directory)
[pid 2357845] 1618429084.303231 access("/usr/bin/tr", R_OK) = 0
[pid 2357843] 1618429084.303314 read(3, "\177ELF\2\1\1\3\0\0"..., 832) = 832
[pid 2357844] 1618429084.303355 access("/etc/ld.so.preload", R_OK) = -1 ENOENT (No such file or directory)
[pid 2357844] 1618429084.303460 read(3, "\177ELF\2\1\1\3\0\0"..., 832) = 832
[pid 2357845] 1618429084.303514 access("/etc/ld.so.preload", R_OK) = -1 ENOENT (No such file or directory)
[pid 2357845] 1618429084.303599 read(3, "\177ELF\2\1\1\3\0\0"..., 832) = 832
[pid 2357844] 1618429084.303986 read(0,  <unfinished ...>
[pid 2357845] 1618429084.304009 read(0,  <unfinished ...>
[pid 2357843] 1618429084.304327 write(1, "76\t/home/w"..., 27) = 27
[pid 2357844] 1618429084.304344 <... read resumed>"76\t/home/w"..., 4096) = 27
[pid 2357844] 1618429084.304370 read(0, "", 4096) = 0
[pid 2357844] 1618429084.304413 write(1, "/home/wack"..., 24 <unfinished ...>
[pid 2357845] 1618429084.304429 <... read resumed>"/home/wack"..., 8192) = 24
[pid 2357844] 1618429084.304437 <... write resumed>) = 24
[pid 2357843] 1618429084.304450 +++ exited with 0 +++
[pid 2357845] 1618429084.304467 read(0, "", 8192) = 0
[pid 2357845] 1618429084.304498 write(1, "/home/wack"..., 23) = 23
[pid 2357831] 1618429084.304518 <... read resumed>"/home/wack"..., 512) = 23
[pid 2357831] 1618429084.304532 read(3,  <unfinished ...>
[pid 2357844] 1618429084.304545 +++ exited with 0 +++
[pid 2357845] 1618429084.304605 +++ exited with 0 +++
[pid 2357842] 1618429084.304671 --- SIGCHLD {si_signo=SIGCHLD, si_code=CLD_EXITED, si_pid=2357843, si_uid=1000, si_status=0, si_utime=0, si_stime=0} ---
[pid 2357831] 1618429084.304805 <... read resumed>"", 512) = 0
[pid 2357842] 1618429084.304813 +++ exited with 0 +++
1618429084.304821 --- SIGCHLD {si_signo=SIGCHLD, si_code=CLD_EXITED, si_pid=2357842, si_uid=1000, si_status=0, si_utime=0, si_stime=0} ---
strace: Process 2357846 attached
[pid 2357831] 1618429084.305224 read(3, strace: Process 2357847 attached
strace: Process 2357848 attached
 <unfinished ...>
[pid 2357847] 1618429084.305883 access("/usr/bin/env", X_OK) = 0
[pid 2357848] 1618429084.305949 access("/usr/bin/sed", X_OK) = 0
[pid 2357847] 1618429084.305971 access("/usr/bin/env", R_OK) = 0
[pid 2357848] 1618429084.306026 access("/usr/bin/sed", R_OK) = 0
[pid 2357847] 1618429084.306079 access("/usr/bin/env", X_OK) = 0
[pid 2357848] 1618429084.306109 access("/usr/bin/sed", X_OK) = 0
[pid 2357847] 1618429084.306161 access("/usr/bin/env", R_OK) = 0
[pid 2357848] 1618429084.306187 access("/usr/bin/sed", R_OK) = 0
[pid 2357848] 1618429084.306439 access("/etc/ld.so.preload", R_OK <unfinished ...>
[pid 2357847] 1618429084.306452 access("/etc/ld.so.preload", R_OK <unfinished ...>
[pid 2357848] 1618429084.306462 <... access resumed>) = -1 ENOENT (No such file or directory)
[pid 2357847] 1618429084.306471 <... access resumed>) = -1 ENOENT (No such file or directory)
[pid 2357848] 1618429084.306537 read(3, "\177ELF\2\1\1\0\0\0"..., 832) = 832
[pid 2357847] 1618429084.306560 read(3, "\177ELF\2\1\1\3\0\0"..., 832) = 832
[pid 2357848] 1618429084.306658 read(3, "\177ELF\2\1\1\3\0\0"..., 832) = 832
[pid 2357847] 1618429084.307055 write(1, "SHELL=/bin"..., 2187) = 2187
[pid 2357848] 1618429084.307103 read(3, "# GNU libc"..., 4096) = 4096
[pid 2357848] 1618429084.307147 read(3, "B1002//\tJU"..., 4096) = 4096
[pid 2357847] 1618429084.307166 +++ exited with 0 +++
[pid 2357848] 1618429084.307209 read(3, "\tISO-IR-11"..., 4096) = 4096
[pid 2357848] 1618429084.307271 read(3, "\t\t\tISO-885"..., 4096) = 4096
[pid 2357848] 1618429084.307333 read(3, "DIC-ES//\na"..., 4096) = 4096
[pid 2357848] 1618429084.307397 read(3, "CDIC-CP-ES"..., 4096) = 4096
[pid 2357848] 1618429084.307473 read(3, "\t\tIBM863//"..., 4096) = 4096
[pid 2357848] 1618429084.307555 read(3, "937//\t\tIBM"..., 4096) = 4096
[pid 2357848] 1618429084.307639 read(3, "UJIS//\t\t\tE"..., 4096) = 4096
[pid 2357848] 1618429084.307727 read(3, "lias\tISO20"..., 4096) = 4096
[pid 2357848] 1618429084.307816 read(3, "O_5427-EXT"..., 4096) = 4096
[pid 2357848] 1618429084.307919 read(3, "ost\nmodule"..., 4096) = 4096
[pid 2357848] 1618429084.308022 read(3, "112//\t\tINT"..., 4096) = 4096
[pid 2357848] 1618429084.308142 read(3, "s\tCP9448//"..., 4096) = 3105
[pid 2357848] 1618429084.308241 read(3, "", 4096) = 0
[pid 2357848] 1618429084.308575 read(0, "SHELL=/bin"..., 4096) = 2187
[pid 2357848] 1618429084.308636 read(0, "", 4096) = 0
[pid 2357848] 1618429084.308655 write(1, "/home/wack"..., 261) = 261
[pid 2357831] 1618429084.308673 <... read resumed>"/home/wack"..., 512) = 261
[pid 2357831] 1618429084.308688 read(3,  <unfinished ...>
[pid 2357848] 1618429084.308759 +++ exited with 0 +++
[pid 2357846] 1618429084.308822 --- SIGCHLD {si_signo=SIGCHLD, si_code=CLD_EXITED, si_pid=2357847, si_uid=1000, si_status=0, si_utime=0, si_stime=0} ---
[pid 2357831] 1618429084.308968 <... read resumed>"", 512) = 0
[pid 2357846] 1618429084.308979 +++ exited with 0 +++
1618429084.308987 --- SIGCHLD {si_signo=SIGCHLD, si_code=CLD_EXITED, si_pid=2357846, si_uid=1000, si_status=0, si_utime=0, si_stime=0} ---
strace: Process 2357849 attached
[pid 2357831] 1618429084.309521 read(3, strace: Process 2357850 attached
strace: Process 2357851 attached
 <unfinished ...>
[pid 2357850] 1618429084.310124 access("/usr/bin/env", X_OK) = 0
[pid 2357850] 1618429084.310229 access("/usr/bin/env", R_OK) = 0
[pid 2357851] 1618429084.310296 access("/usr/bin/sed", X_OK) = 0
[pid 2357850] 1618429084.310354 access("/usr/bin/env", X_OK) = 0
[pid 2357851] 1618429084.310402 access("/usr/bin/sed", R_OK) = 0
[pid 2357850] 1618429084.310466 access("/usr/bin/env", R_OK) = 0
[pid 2357851] 1618429084.310523 access("/usr/bin/sed", X_OK) = 0
[pid 2357851] 1618429084.310622 access("/usr/bin/sed", R_OK) = 0
[pid 2357850] 1618429084.310748 access("/etc/ld.so.preload", R_OK) = -1 ENOENT (No such file or directory)
[pid 2357850] 1618429084.310858 read(3, "\177ELF\2\1\1\3\0\0"..., 832) = 832
[pid 2357851] 1618429084.310900 access("/etc/ld.so.preload", R_OK) = -1 ENOENT (No such file or directory)
[pid 2357851] 1618429084.311008 read(3, "\177ELF\2\1\1\0\0\0"..., 832) = 832
[pid 2357851] 1618429084.311157 read(3, "\177ELF\2\1\1\3\0\0"..., 832) = 832
[pid 2357850] 1618429084.311458 write(1, "SHELL=/bin"..., 2163) = 2163
[pid 2357850] 1618429084.311566 +++ exited with 0 +++
[pid 2357851] 1618429084.311645 read(3, "# GNU libc"..., 4096) = 4096
[pid 2357851] 1618429084.311691 read(3, "B1002//\tJU"..., 4096) = 4096
[pid 2357851] 1618429084.311780 read(3, "\tISO-IR-11"..., 4096) = 4096
[pid 2357851] 1618429084.311881 read(3, "\t\t\tISO-885"..., 4096) = 4096
[pid 2357851] 1618429084.311981 read(3, "DIC-ES//\na"..., 4096) = 4096
[pid 2357851] 1618429084.312086 read(3, "CDIC-CP-ES"..., 4096) = 4096
[pid 2357851] 1618429084.312171 read(3, "\t\tIBM863//"..., 4096) = 4096
[pid 2357851] 1618429084.312253 read(3, "937//\t\tIBM"..., 4096) = 4096
[pid 2357851] 1618429084.312338 read(3, "UJIS//\t\t\tE"..., 4096) = 4096
[pid 2357851] 1618429084.312424 read(3, "lias\tISO20"..., 4096) = 4096
[pid 2357851] 1618429084.312544 read(3, "O_5427-EXT"..., 4096) = 4096
[pid 2357851] 1618429084.312686 read(3, "ost\nmodule"..., 4096) = 4096
[pid 2357851] 1618429084.312826 read(3, "112//\t\tINT"..., 4096) = 4096
[pid 2357851] 1618429084.313007 read(3, "s\tCP9448//"..., 4096) = 3105
[pid 2357851] 1618429084.313102 read(3, "", 4096) = 0
[pid 2357851] 1618429084.313426 read(0, "SHELL=/bin"..., 4096) = 2163
[pid 2357851] 1618429084.313539 read(0, "", 4096) = 0
[pid 2357851] 1618429084.313565 write(1, "/home/wack"..., 237 <unfinished ...>
[pid 2357831] 1618429084.313589 <... read resumed>"/home/wack"..., 512) = 237
[pid 2357851] 1618429084.313601 <... write resumed>) = 237
[pid 2357831] 1618429084.313610 read(3,  <unfinished ...>
[pid 2357851] 1618429084.313686 +++ exited with 0 +++
[pid 2357849] 1618429084.313749 --- SIGCHLD {si_signo=SIGCHLD, si_code=CLD_EXITED, si_pid=2357850, si_uid=1000, si_status=0, si_utime=0, si_stime=0} ---
[pid 2357831] 1618429084.313909 <... read resumed>"", 512) = 0
[pid 2357849] 1618429084.313923 +++ exited with 0 +++
1618429084.313930 --- SIGCHLD {si_signo=SIGCHLD, si_code=CLD_EXITED, si_pid=2357849, si_uid=1000, si_status=0, si_utime=0, si_stime=0} ---
1618429084.314205 read(3, ": 16180944"..., 64713) = 64713
1618429084.314513 read(3, "#!/usr/bin"..., 80) = 80
1618429084.314623 read(255, "#!/usr/bin"..., 686) = 686
strace: Process 2357852 attached
[pid 2357831] 1618429084.315097 read(255, "set -x\n\nfo"..., 686) = 527
[pid 2357831] 1618429084.315150 write(2, "+ (( i=3 )"..., 12) = 12
[pid 2357831] 1618429084.315177 write(2, "+ (( i-- )"..., 12) = 12
[pid 2357831] 1618429084.315200 write(2, "+ sleep .1"..., 11) = 11
[pid 2357831] 1618429084.315318 access("/usr/bin/sleep", X_OK) = 0
[pid 2357831] 1618429084.315402 access("/usr/bin/sleep", R_OK) = 0
strace: Process 2357853 attached
[pid 2357831] 1618429084.315491 access("/usr/bin/sleep", X_OK) = 0
[pid 2357831] 1618429084.315576 access("/usr/bin/sleep", R_OK) = 0
strace: Process 2357854 attached
strace: Process 2357855 attached
[pid 2357853] 1618429084.315807 access("/usr/bin/tee", X_OK) = 0
strace: Process 2357856 attached
[pid 2357853] 1618429084.316063 access("/usr/bin/tee", R_OK) = 0
[pid 2357854] 1618429084.316245 access("/usr/bin/sed", X_OK) = 0
[pid 2357853] 1618429084.316297 access("/usr/bin/tee", X_OK) = 0
[pid 2357855] 1618429084.316426 access("/etc/ld.so.preload", R_OK <unfinished ...>
[pid 2357854] 1618429084.316444 access("/usr/bin/sed", R_OK <unfinished ...>
[pid 2357855] 1618429084.316469 <... access resumed>) = -1 ENOENT (No such file or directory)
[pid 2357854] 1618429084.316485 <... access resumed>) = 0
[pid 2357853] 1618429084.316524 access("/usr/bin/tee", R_OK) = 0
[pid 2357856] 1618429084.316619 access("/usr/bin/date", X_OK) = 0
[pid 2357855] 1618429084.316678 read(4, "\177ELF\2\1\1\3\0\0"..., 832) = 832
[pid 2357854] 1618429084.316711 access("/usr/bin/sed", X_OK) = 0
[pid 2357856] 1618429084.316811 access("/usr/bin/date", R_OK) = 0
[pid 2357854] 1618429084.316880 access("/usr/bin/sed", R_OK) = 0
[pid 2357853] 1618429084.316975 access("/etc/ld.so.preload", R_OK) = -1 ENOENT (No such file or directory)
[pid 2357856] 1618429084.317025 access("/usr/bin/date", X_OK) = 0
[pid 2357856] 1618429084.317159 access("/usr/bin/date", R_OK <unfinished ...>
[pid 2357853] 1618429084.317178 read(4,  <unfinished ...>
[pid 2357856] 1618429084.317197 <... access resumed>) = 0
[pid 2357853] 1618429084.317211 <... read resumed>"\177ELF\2\1\1\3\0\0"..., 832) = 832
[pid 2357854] 1618429084.317299 access("/etc/ld.so.preload", R_OK) = -1 ENOENT (No such file or directory)
[pid 2357854] 1618429084.317472 read(4, "\177ELF\2\1\1\0\0\0"..., 832) = 832
[pid 2357856] 1618429084.317647 access("/etc/ld.so.preload", R_OK) = -1 ENOENT (No such file or directory)
[pid 2357854] 1618429084.317690 read(4, "\177ELF\2\1\1\3\0\0"..., 832) = 832
[pid 2357856] 1618429084.317803 read(4, "\177ELF\2\1\1\3\0\0"..., 832) = 832
[pid 2357853] 1618429084.318055 read(4, "# Locale n"..., 4096) = 2998
[pid 2357853] 1618429084.318091 read(4, "", 4096) = 0
[pid 2357853] 1618429084.318247 read(0, "+ (( i=3 )"..., 8192) = 35
[pid 2357853] 1618429084.318269 write(1, "+ (( i=3 )"..., 35) = 35
[pid 2357853] 1618429084.318295 write(4, "+ (( i=3 )"..., 35 <unfinished ...>
[pid 2357856] 1618429084.318313 read(4,  <unfinished ...>
[pid 2357853] 1618429084.318323 <... write resumed>) = 35
[pid 2357856] 1618429084.318330 <... read resumed>"# Locale n"..., 4096) = 2998
[pid 2357853] 1618429084.318341 read(0,  <unfinished ...>
[pid 2357856] 1618429084.318350 read(4,  <unfinished ...>
[pid 2357854] 1618429084.318358 read(4,  <unfinished ...>
[pid 2357856] 1618429084.318366 <... read resumed>"", 4096) = 0
[pid 2357854] 1618429084.318373 <... read resumed>"# GNU libc"..., 4096) = 4096
[pid 2357854] 1618429084.318408 read(4, "B1002//\tJU"..., 4096) = 4096
[pid 2357854] 1618429084.318465 read(4, "\tISO-IR-11"..., 4096) = 4096
[pid 2357856] 1618429084.318493 read(0,  <unfinished ...>
[pid 2357854] 1618429084.318524 read(4, "\t\t\tISO-885"..., 4096) = 4096
[pid 2357854] 1618429084.318613 read(4, "DIC-ES//\na"..., 4096) = 4096
[pid 2357854] 1618429084.318719 read(4, "CDIC-CP-ES"..., 4096) = 4096
[pid 2357854] 1618429084.318834 read(4, "\t\tIBM863//"..., 4096) = 4096
[pid 2357854] 1618429084.318955 read(4, "937//\t\tIBM"..., 4096) = 4096
[pid 2357854] 1618429084.319054 read(4, "UJIS//\t\t\tE"..., 4096) = 4096
[pid 2357854] 1618429084.319143 read(4, "lias\tISO20"..., 4096) = 4096
[pid 2357854] 1618429084.319229 read(4, "O_5427-EXT"..., 4096) = 4096
[pid 2357854] 1618429084.319330 read(4, "ost\nmodule"..., 4096) = 4096
[pid 2357854] 1618429084.319433 read(4, "112//\t\tINT"..., 4096) = 4096
[pid 2357854] 1618429084.319552 read(4, "s\tCP9448//"..., 4096) = 3105
[pid 2357854] 1618429084.319644 read(4, "", 4096) = 0
[pid 2357854] 1618429084.319963 read(0, "+", 1) = 1
[pid 2357854] 1618429084.319995 read(0, " ", 1) = 1
[pid 2357854] 1618429084.320014 read(0, "(", 1) = 1
[pid 2357854] 1618429084.320033 read(0, "(", 1) = 1
[pid 2357854] 1618429084.320052 read(0, " ", 1) = 1
[pid 2357854] 1618429084.320070 read(0, "i", 1) = 1
[pid 2357854] 1618429084.320089 read(0, "=", 1) = 1
[pid 2357854] 1618429084.320107 read(0, "3", 1) = 1
[pid 2357854] 1618429084.320126 read(0, " ", 1) = 1
[pid 2357854] 1618429084.320145 read(0, ")", 1) = 1
[pid 2357854] 1618429084.320165 read(0, ")", 1) = 1
[pid 2357854] 1618429084.320184 read(0, "\n", 1) = 1
[pid 2357854] 1618429084.320231 write(1, "now\n", 4) = 4
[pid 2357856] 1618429084.320249 <... read resumed>"now\n", 4096) = 4
[pid 2357854] 1618429084.320259 read(0, "+", 1) = 1
[pid 2357854] 1618429084.320278 read(0, " ", 1) = 1
[pid 2357854] 1618429084.320296 read(0, "(", 1) = 1
[pid 2357854] 1618429084.320314 read(0,  <unfinished ...>
[pid 2357856] 1618429084.320323 read(4,  <unfinished ...>
[pid 2357854] 1618429084.320331 <... read resumed>"(", 1) = 1
[pid 2357856] 1618429084.320340 <... read resumed>"TZif2\0\0\0\0\0"..., 4096) = 2298
[pid 2357854] 1618429084.320349 read(0, " ", 1) = 1
[pid 2357854] 1618429084.320367 read(0,  <unfinished ...>
[pid 2357856] 1618429084.320375 read(4,  <unfinished ...>
[pid 2357854] 1618429084.320384 <... read resumed>"i", 1) = 1
[pid 2357856] 1618429084.320392 <... read resumed>"TZif2\0\0\0\0\0"..., 4096) = 1449
[pid 2357854] 1618429084.320401 read(0, "-", 1) = 1
[pid 2357854] 1618429084.320419 read(0, "-", 1) = 1
[pid 2357854] 1618429084.320437 read(0, " ", 1) = 1
[pid 2357854] 1618429084.320455 read(0, ")", 1) = 1
[pid 2357854] 1618429084.320473 read(0,  <unfinished ...>
[pid 2357856] 1618429084.320482 read(0,  <unfinished ...>
[pid 2357854] 1618429084.320490 <... read resumed>")", 1) = 1
[pid 2357854] 1618429084.320501 read(0, "\n", 1) = 1
[pid 2357854] 1618429084.320521 write(1, "now\n", 4 <unfinished ...>
[pid 2357856] 1618429084.320536 <... read resumed>"now\n", 4096) = 4
[pid 2357854] 1618429084.320543 <... write resumed>) = 4
[pid 2357854] 1618429084.320554 read(0, "+", 1) = 1
[pid 2357854] 1618429084.320572 read(0, " ", 1) = 1
[pid 2357856] 1618429084.320587 read(0,  <unfinished ...>
[pid 2357854] 1618429084.320595 read(0, "s", 1) = 1
[pid 2357854] 1618429084.320613 read(0, "l", 1) = 1
[pid 2357854] 1618429084.320632 read(0, "e", 1) = 1
[pid 2357854] 1618429084.320650 read(0, "e", 1) = 1
[pid 2357854] 1618429084.320668 read(0, "p", 1) = 1
[pid 2357854] 1618429084.320686 read(0, " ", 1) = 1
[pid 2357854] 1618429084.320705 read(0, ".", 1) = 1
[pid 2357854] 1618429084.320723 read(0, "1", 1) = 1
[pid 2357854] 1618429084.320741 read(0, "\n", 1) = 1
[pid 2357854] 1618429084.320760 write(1, "now\n", 4 <unfinished ...>
[pid 2357856] 1618429084.320774 <... read resumed>"now\n", 4096) = 4
[pid 2357854] 1618429084.320782 <... write resumed>) = 4
[pid 2357854] 1618429084.320792 read(0,  <unfinished ...>
[pid 2357856] 1618429084.320818 read(0,  <unfinished ...>
[pid 2357855] 1618429084.418156 +++ exited with 0 +++
[pid 2357831] 1618429084.418292 --- SIGCHLD {si_signo=SIGCHLD, si_code=CLD_EXITED, si_pid=2357855, si_uid=1000, si_status=0, si_utime=0, si_stime=0} ---
[pid 2357831] 1618429084.418344 write(2, "+ (( 1 ))\n", 10) = 10
[pid 2357853] 1618429084.418369 <... read resumed>"+ (( 1 ))\n", 8192) = 10
[pid 2357831] 1618429084.418380 write(2, "+ (( i-- )"..., 12 <unfinished ...>
[pid 2357853] 1618429084.418391 write(1, "+ (( 1 ))\n", 10 <unfinished ...>
[pid 2357831] 1618429084.418400 <... write resumed>) = 12
[pid 2357854] 1618429084.418414 <... read resumed>"+", 1) = 1
[pid 2357853] 1618429084.418423 <... write resumed>) = 10
[pid 2357854] 1618429084.418433 read(0,  <unfinished ...>
[pid 2357853] 1618429084.418443 write(4, "+ (( 1 ))\n", 10 <unfinished ...>
[pid 2357854] 1618429084.418455 <... read resumed>" ", 1) = 1
[pid 2357853] 1618429084.418465 <... write resumed>) = 10
[pid 2357854] 1618429084.418476 read(0,  <unfinished ...>
[pid 2357853] 1618429084.418483 read(0,  <unfinished ...>
[pid 2357854] 1618429084.418494 <... read resumed>"(", 1) = 1
[pid 2357853] 1618429084.418501 <... read resumed>"+ (( i-- )"..., 8192) = 12
[pid 2357854] 1618429084.418513 read(0,  <unfinished ...>
[pid 2357853] 1618429084.418520 write(1, "+ (( i-- )"..., 12 <unfinished ...>
[pid 2357854] 1618429084.418532 <... read resumed>"(", 1) = 1
[pid 2357853] 1618429084.418540 <... write resumed>) = 12
[pid 2357831] 1618429084.418548 write(2, "+ sleep .1"..., 11 <unfinished ...>
[pid 2357854] 1618429084.418557 read(0,  <unfinished ...>
[pid 2357853] 1618429084.418564 write(4, "+ (( i-- )"..., 12 <unfinished ...>
[pid 2357831] 1618429084.418575 <... write resumed>) = 11
[pid 2357854] 1618429084.418581 <... read resumed>" ", 1) = 1
[pid 2357853] 1618429084.418588 <... write resumed>) = 12
[pid 2357854] 1618429084.418599 read(0,  <unfinished ...>
[pid 2357853] 1618429084.418606 read(0,  <unfinished ...>
[pid 2357854] 1618429084.418616 <... read resumed>"1", 1) = 1
[pid 2357853] 1618429084.418623 <... read resumed>"+ sleep .1"..., 8192) = 11
[pid 2357854] 1618429084.418635 read(0,  <unfinished ...>
[pid 2357853] 1618429084.418642 write(1, "+ sleep .1"..., 11 <unfinished ...>
[pid 2357854] 1618429084.418654 <... read resumed>" ", 1) = 1
[pid 2357853] 1618429084.418661 <... write resumed>) = 11
[pid 2357854] 1618429084.418671 read(0,  <unfinished ...>
[pid 2357853] 1618429084.418679 write(4, "+ sleep .1"..., 11 <unfinished ...>
[pid 2357854] 1618429084.418689 <... read resumed>")", 1) = 1
[pid 2357853] 1618429084.418697 <... write resumed>) = 11
[pid 2357854] 1618429084.418704 read(0,  <unfinished ...>
[pid 2357853] 1618429084.418713 read(0,  <unfinished ...>
[pid 2357854] 1618429084.418721 <... read resumed>")", 1) = 1
[pid 2357854] 1618429084.418733 read(0, "\n", 1) = 1
strace: Process 2357857 attached
[pid 2357854] 1618429084.418768 write(1, "now\n", 4) = 4
[pid 2357856] 1618429084.418795 <... read resumed>"now\n", 4096) = 4
[pid 2357854] 1618429084.418814 read(0, "+", 1) = 1
[pid 2357854] 1618429084.418842 read(0, " ", 1) = 1
[pid 2357854] 1618429084.418871 read(0,  <unfinished ...>
[pid 2357856] 1618429084.418889 read(0,  <unfinished ...>
[pid 2357854] 1618429084.418897 <... read resumed>"(", 1) = 1
[pid 2357854] 1618429084.418913 read(0, "(", 1) = 1
[pid 2357854] 1618429084.418937 read(0, " ", 1) = 1
[pid 2357854] 1618429084.418963 read(0, "i", 1) = 1
[pid 2357854] 1618429084.418989 read(0, "-", 1) = 1
[pid 2357854] 1618429084.419017 read(0, "-", 1) = 1
[pid 2357854] 1618429084.419041 read(0, " ", 1) = 1
[pid 2357854] 1618429084.419063 read(0, ")", 1) = 1
[pid 2357854] 1618429084.419089 read(0, ")", 1) = 1
[pid 2357854] 1618429084.419115 read(0, "\n", 1) = 1
[pid 2357854] 1618429084.419141 write(1, "now\n", 4) = 4
[pid 2357856] 1618429084.419158 <... read resumed>"now\n", 4096) = 4
[pid 2357854] 1618429084.419168 read(0, "+", 1) = 1
[pid 2357854] 1618429084.419186 read(0, " ", 1) = 1
[pid 2357854] 1618429084.419207 read(0,  <unfinished ...>
[pid 2357856] 1618429084.419218 read(0,  <unfinished ...>
[pid 2357854] 1618429084.419225 <... read resumed>"s", 1) = 1
[pid 2357854] 1618429084.419239 read(0, "l", 1) = 1
[pid 2357854] 1618429084.419260 read(0, "e", 1) = 1
[pid 2357854] 1618429084.419278 read(0,  <unfinished ...>
[pid 2357857] 1618429084.419287 access("/etc/ld.so.preload", R_OK <unfinished ...>
[pid 2357854] 1618429084.419299 <... read resumed>"e", 1) = 1
[pid 2357857] 1618429084.419307 <... access resumed>) = -1 ENOENT (No such file or directory)
[pid 2357854] 1618429084.419317 read(0, "p", 1) = 1
[pid 2357854] 1618429084.419335 read(0, " ", 1) = 1
[pid 2357854] 1618429084.419357 read(0, ".", 1) = 1
[pid 2357854] 1618429084.419375 read(0, "1", 1) = 1
[pid 2357854] 1618429084.419393 read(0, "\n", 1) = 1
[pid 2357854] 1618429084.419414 write(1, "now\n", 4 <unfinished ...>
[pid 2357857] 1618429084.419424 read(4,  <unfinished ...>
[pid 2357856] 1618429084.419433 <... read resumed>"now\n", 4096) = 4
[pid 2357854] 1618429084.419441 <... write resumed>) = 4
[pid 2357857] 1618429084.419449 <... read resumed>"\177ELF\2\1\1\3\0\0"..., 832) = 832
[pid 2357854] 1618429084.419462 read(0,  <unfinished ...>
[pid 2357856] 1618429084.419492 read(0,  <unfinished ...>
[pid 2357857] 1618429084.520195 +++ exited with 0 +++
[pid 2357831] 1618429084.520424 --- SIGCHLD {si_signo=SIGCHLD, si_code=CLD_EXITED, si_pid=2357857, si_uid=1000, si_status=0, si_utime=0, si_stime=0} ---
[pid 2357831] 1618429084.520480 write(2, "+ (( 1 ))\n", 10) = 10
[pid 2357831] 1618429084.520553 write(2, "+ (( i-- )"..., 12) = 12
[pid 2357853] 1618429084.520570 <... read resumed>"+ (( 1 ))\n", 8192) = 10
[pid 2357853] 1618429084.520616 write(1, "+ (( 1 ))\n", 10 <unfinished ...>
[pid 2357831] 1618429084.520637 write(2, "+ sleep .1"..., 11) = 11
[pid 2357853] 1618429084.520667 <... write resumed>) = 10
[pid 2357854] 1618429084.520674 <... read resumed>"+", 1) = 1
[pid 2357853] 1618429084.520717 write(4, "+ (( 1 ))\n", 10 <unfinished ...>
[pid 2357854] 1618429084.520757 read(0, " ", 1) = 1
[pid 2357853] 1618429084.520781 <... write resumed>) = 10
[pid 2357854] 1618429084.520795 read(0,  <unfinished ...>
[pid 2357853] 1618429084.520808 read(0,  <unfinished ...>
[pid 2357854] 1618429084.520821 <... read resumed>"(", 1) = 1
[pid 2357853] 1618429084.520835 <... read resumed>"+ (( i-- )"..., 8192) = 23
strace: Process 2357858 attached
[pid 2357854] 1618429084.520854 read(0,  <unfinished ...>
[pid 2357853] 1618429084.520865 write(1, "+ (( i-- )"..., 23 <unfinished ...>
[pid 2357854] 1618429084.520880 <... read resumed>"(", 1) = 1
[pid 2357853] 1618429084.520896 <... write resumed>) = 23
[pid 2357854] 1618429084.520904 read(0,  <unfinished ...>
[pid 2357853] 1618429084.520919 write(4, "+ (( i-- )"..., 23 <unfinished ...>
[pid 2357854] 1618429084.520929 <... read resumed>" ", 1) = 1
[pid 2357853] 1618429084.520943 <... write resumed>) = 23
[pid 2357854] 1618429084.520950 read(0, "1", 1) = 1
[pid 2357853] 1618429084.520968 read(0,  <unfinished ...>
[pid 2357854] 1618429084.520981 read(0, " ", 1) = 1
[pid 2357854] 1618429084.521008 read(0, ")", 1) = 1
[pid 2357854] 1618429084.521035 read(0, ")", 1) = 1
[pid 2357854] 1618429084.521059 read(0, "\n", 1) = 1
[pid 2357854] 1618429084.521095 write(1, "now\n", 4) = 4
[pid 2357856] 1618429084.521120 <... read resumed>"now\n", 4096) = 4
[pid 2357854] 1618429084.521133 read(0, "+", 1) = 1
[pid 2357854] 1618429084.521159 read(0, " ", 1) = 1
[pid 2357854] 1618429084.521177 read(0,  <unfinished ...>
[pid 2357856] 1618429084.521186 read(0,  <unfinished ...>
[pid 2357854] 1618429084.521194 <... read resumed>"(", 1) = 1
[pid 2357854] 1618429084.521207 read(0, "(", 1) = 1
[pid 2357854] 1618429084.521228 read(0, " ", 1) = 1
[pid 2357854] 1618429084.521250 read(0, "i", 1) = 1
[pid 2357854] 1618429084.521270 read(0, "-", 1) = 1
[pid 2357854] 1618429084.521289 read(0, "-", 1) = 1
[pid 2357854] 1618429084.521310 read(0, " ", 1) = 1
[pid 2357854] 1618429084.521330 read(0, ")", 1) = 1
[pid 2357858] 1618429084.521346 access("/etc/ld.so.preload", R_OK <unfinished ...>
[pid 2357854] 1618429084.521358 read(0,  <unfinished ...>
[pid 2357858] 1618429084.521367 <... access resumed>) = -1 ENOENT (No such file or directory)
[pid 2357854] 1618429084.521376 <... read resumed>")", 1) = 1
[pid 2357854] 1618429084.521388 read(0, "\n", 1) = 1
[pid 2357854] 1618429084.521410 write(1, "now\n", 4) = 4
[pid 2357856] 1618429084.521429 <... read resumed>"now\n", 4096) = 4
[pid 2357854] 1618429084.521439 read(0, "+", 1) = 1
[pid 2357854] 1618429084.521461 read(0, " ", 1) = 1
[pid 2357854] 1618429084.521483 read(0,  <unfinished ...>
[pid 2357858] 1618429084.521490 read(4,  <unfinished ...>
[pid 2357856] 1618429084.521504 read(0,  <unfinished ...>
[pid 2357854] 1618429084.521512 <... read resumed>"s", 1) = 1
[pid 2357858] 1618429084.521520 <... read resumed>"\177ELF\2\1\1\3\0\0"..., 832) = 832
[pid 2357854] 1618429084.521530 read(0, "l", 1) = 1
[pid 2357854] 1618429084.521548 read(0, "e", 1) = 1
[pid 2357854] 1618429084.521565 read(0, "e", 1) = 1
[pid 2357854] 1618429084.521583 read(0, "p", 1) = 1
[pid 2357854] 1618429084.521601 read(0, " ", 1) = 1
[pid 2357854] 1618429084.521618 read(0, ".", 1) = 1
[pid 2357854] 1618429084.521639 read(0, "1", 1) = 1
[pid 2357854] 1618429084.521658 read(0, "\n", 1) = 1
[pid 2357854] 1618429084.521678 write(1, "now\n", 4) = 4
[pid 2357856] 1618429084.521694 <... read resumed>"now\n", 4096) = 4
[pid 2357854] 1618429084.521705 read(0,  <unfinished ...>
[pid 2357856] 1618429084.521750 read(0,  <unfinished ...>
[pid 2357858] 1618429084.622581 +++ exited with 0 +++
[pid 2357831] 1618429084.622688 --- SIGCHLD {si_signo=SIGCHLD, si_code=CLD_EXITED, si_pid=2357858, si_uid=1000, si_status=0, si_utime=0, si_stime=0} ---
[pid 2357831] 1618429084.622740 write(2, "+ (( 1 ))\n", 10) = 10
[pid 2357831] 1618429084.622774 write(2, "+ (( i-- )"..., 12) = 12
[pid 2357853] 1618429084.622793 <... read resumed>"+ (( 1 ))\n"..., 8192) = 22
[pid 2357853] 1618429084.622841 write(1, "+ (( 1 ))\n"..., 22 <unfinished ...>
[pid 2357831] 1618429084.622886 read(255,  <unfinished ...>
[pid 2357854] 1618429084.622899 <... read resumed>"+", 1) = 1
[pid 2357853] 1618429084.622909 <... write resumed>) = 22
[pid 2357831] 1618429084.622918 <... read resumed>"\nfor ((i=2"..., 686) = 485
[pid 2357854] 1618429084.622928 read(0, " ", 1) = 1
[pid 2357853] 1618429084.622949 write(4, "+ (( 1 ))\n"..., 22 <unfinished ...>
[pid 2357854] 1618429084.622963 read(0, "(", 1) = 1
[pid 2357854] 1618429084.622984 read(0, "(", 1) = 1
[pid 2357853] 1618429084.623002 <... write resumed>) = 22
[pid 2357854] 1618429084.623011 read(0, " ", 1) = 1
[pid 2357854] 1618429084.623031 read(0, "1", 1) = 1
[pid 2357853] 1618429084.623048 read(0,  <unfinished ...>
[pid 2357854] 1618429084.623059 read(0, " ", 1) = 1
[pid 2357854] 1618429084.623082 read(0, ")", 1) = 1
[pid 2357854] 1618429084.623103 read(0, ")", 1) = 1
[pid 2357854] 1618429084.623124 read(0, "\n", 1) = 1
[pid 2357854] 1618429084.623150 write(1, "now\n", 4 <unfinished ...>
[pid 2357856] 1618429084.623173 <... read resumed>"now\n", 4096) = 4
[pid 2357854] 1618429084.623183 <... write resumed>) = 4
[pid 2357854] 1618429084.623197 read(0, "+", 1) = 1
[pid 2357831] 1618429084.623220 write(2, "+ (( i=2 )"..., 12 <unfinished ...>
[pid 2357854] 1618429084.623230 read(0,  <unfinished ...>
[pid 2357831] 1618429084.623242 <... write resumed>) = 12
[pid 2357854] 1618429084.623250 <... read resumed>" ", 1) = 1
[pid 2357853] 1618429084.623261 <... read resumed>"+ (( i=2 )"..., 8192) = 12
[pid 2357831] 1618429084.623272 write(2, "+ (( i-- )"..., 12 <unfinished ...>
[pid 2357856] 1618429084.623281 read(0,  <unfinished ...>
[pid 2357854] 1618429084.623290 read(0,  <unfinished ...>
[pid 2357853] 1618429084.623297 write(1, "+ (( i=2 )"..., 12 <unfinished ...>
[pid 2357831] 1618429084.623307 <... write resumed>) = 12
[pid 2357854] 1618429084.623313 <... read resumed>"(", 1) = 1
[pid 2357853] 1618429084.623323 <... write resumed>) = 12
[pid 2357854] 1618429084.623333 read(0,  <unfinished ...>
[pid 2357853] 1618429084.623346 write(4, "+ (( i=2 )"..., 12 <unfinished ...>
[pid 2357854] 1618429084.623359 <... read resumed>"(", 1) = 1
[pid 2357853] 1618429084.623370 <... write resumed>) = 12
[pid 2357854] 1618429084.623381 read(0,  <unfinished ...>
[pid 2357853] 1618429084.623393 read(0,  <unfinished ...>
[pid 2357854] 1618429084.623405 <... read resumed>" ", 1) = 1
[pid 2357853] 1618429084.623413 <... read resumed>"+ (( i-- )"..., 8192) = 12
[pid 2357854] 1618429084.623424 read(0,  <unfinished ...>
[pid 2357853] 1618429084.623435 write(1, "+ (( i-- )"..., 12 <unfinished ...>
[pid 2357831] 1618429084.623448 write(2, "+ tar -cf "..., 33 <unfinished ...>
[pid 2357854] 1618429084.623458 <... read resumed>"i", 1) = 1
[pid 2357853] 1618429084.623470 <... write resumed>) = 12
[pid 2357831] 1618429084.623479 <... write resumed>) = 33
[pid 2357854] 1618429084.623485 read(0,  <unfinished ...>
[pid 2357853] 1618429084.623495 write(4, "+ (( i-- )"..., 12 <unfinished ...>
[pid 2357854] 1618429084.623509 <... read resumed>"-", 1) = 1
[pid 2357853] 1618429084.623518 <... write resumed>) = 12
[pid 2357854] 1618429084.623527 read(0,  <unfinished ...>
[pid 2357853] 1618429084.623537 read(0,  <unfinished ...>
[pid 2357854] 1618429084.623548 <... read resumed>"-", 1) = 1
[pid 2357853] 1618429084.623558 <... read resumed>"+ tar -cf "..., 8192) = 33
[pid 2357854] 1618429084.623569 read(0,  <unfinished ...>
[pid 2357853] 1618429084.623578 write(1, "+ tar -cf "..., 33 <unfinished ...>
[pid 2357854] 1618429084.623591 <... read resumed>" ", 1) = 1
[pid 2357853] 1618429084.623600 <... write resumed>) = 33
[pid 2357854] 1618429084.623609 read(0,  <unfinished ...>
[pid 2357853] 1618429084.623618 write(4, "+ tar -cf "..., 33 <unfinished ...>
[pid 2357854] 1618429084.623631 <... read resumed>")", 1) = 1
[pid 2357853] 1618429084.623640 <... write resumed>) = 33
[pid 2357854] 1618429084.623649 read(0,  <unfinished ...>
[pid 2357853] 1618429084.623658 read(0,  <unfinished ...>
[pid 2357854] 1618429084.623669 <... read resumed>")", 1) = 1
[pid 2357854] 1618429084.623682 read(0, "\n", 1) = 1
[pid 2357854] 1618429084.623708 write(1, "now\n", 4 <unfinished ...>
[pid 2357856] 1618429084.623729 <... read resumed>"now\n", 4096) = 4
[pid 2357854] 1618429084.623738 <... write resumed>) = 4
[pid 2357854] 1618429084.623753 read(0, "+", 1) = 1
[pid 2357831] 1618429084.623781 access("/usr/bin/tar", X_OK <unfinished ...>
[pid 2357854] 1618429084.623793 read(0,  <unfinished ...>
[pid 2357831] 1618429084.623804 <... access resumed>) = 0
[pid 2357856] 1618429084.623813 read(0,  <unfinished ...>
[pid 2357854] 1618429084.623821 <... read resumed>" ", 1) = 1
[pid 2357854] 1618429084.623832 read(0, "(", 1) = 1
[pid 2357854] 1618429084.623853 read(0, "(", 1) = 1
[pid 2357854] 1618429084.623873 read(0, " ", 1) = 1
[pid 2357854] 1618429084.623893 read(0, "i", 1) = 1
[pid 2357854] 1618429084.623913 read(0, "=", 1) = 1
[pid 2357831] 1618429084.623930 access("/usr/bin/tar", R_OK <unfinished ...>
[pid 2357854] 1618429084.623941 read(0,  <unfinished ...>
[pid 2357831] 1618429084.623951 <... access resumed>) = 0
[pid 2357854] 1618429084.623958 <... read resumed>"2", 1) = 1
[pid 2357854] 1618429084.623971 read(0, " ", 1) = 1
[pid 2357854] 1618429084.623997 read(0, ")", 1) = 1
[pid 2357854] 1618429084.624018 read(0, ")", 1) = 1
[pid 2357854] 1618429084.624038 read(0, "\n", 1) = 1
[pid 2357854] 1618429084.624063 write(1, "now\n", 4 <unfinished ...>
[pid 2357831] 1618429084.624082 access("/usr/bin/tar", X_OK <unfinished ...>
[pid 2357856] 1618429084.624092 <... read resumed>"now\n", 4096) = 4
[pid 2357854] 1618429084.624101 <... write resumed>) = 4
[pid 2357831] 1618429084.624108 <... access resumed>) = 0
[pid 2357854] 1618429084.624120 read(0, "+", 1) = 1
[pid 2357854] 1618429084.624151 read(0, " ", 1) = 1
[pid 2357856] 1618429084.624172 read(0,  <unfinished ...>
[pid 2357854] 1618429084.624184 read(0, "(", 1) = 1
[pid 2357854] 1618429084.624204 read(0,  <unfinished ...>
[pid 2357831] 1618429084.624214 access("/usr/bin/tar", R_OK <unfinished ...>
[pid 2357854] 1618429084.624225 <... read resumed>"(", 1) = 1
[pid 2357831] 1618429084.624234 <... access resumed>) = 0
[pid 2357854] 1618429084.624242 read(0, " ", 1) = 1
[pid 2357854] 1618429084.624264 read(0, "i", 1) = 1
[pid 2357854] 1618429084.624284 read(0, "-", 1) = 1
[pid 2357854] 1618429084.624304 read(0, "-", 1) = 1
[pid 2357854] 1618429084.624327 read(0, " ", 1) = 1
[pid 2357854] 1618429084.624353 read(0, ")", 1) = 1
[pid 2357854] 1618429084.624379 read(0, ")", 1) = 1
strace: Process 2357859 attached
[pid 2357854] 1618429084.624410 read(0, "\n", 1) = 1
[pid 2357854] 1618429084.624442 write(1, "now\n", 4 <unfinished ...>
[pid 2357856] 1618429084.624465 <... read resumed>"now\n", 4096) = 4
[pid 2357854] 1618429084.624479 <... write resumed>) = 4
[pid 2357854] 1618429084.624498 read(0, "+", 1) = 1
[pid 2357854] 1618429084.624527 read(0, " ", 1) = 1
[pid 2357856] 1618429084.624553 read(0,  <unfinished ...>
[pid 2357854] 1618429084.624566 read(0, "t", 1) = 1
[pid 2357854] 1618429084.624591 read(0, "a", 1) = 1
[pid 2357854] 1618429084.624617 read(0, "r", 1) = 1
[pid 2357854] 1618429084.624641 read(0, " ", 1) = 1
[pid 2357854] 1618429084.624665 read(0, "-", 1) = 1
[pid 2357854] 1618429084.624690 read(0, "c", 1) = 1
[pid 2357854] 1618429084.624711 read(0, "f", 1) = 1
[pid 2357854] 1618429084.624731 read(0, " ", 1) = 1
[pid 2357854] 1618429084.624751 read(0, "/", 1) = 1
[pid 2357854] 1618429084.624773 read(0, "t", 1) = 1
[pid 2357854] 1618429084.624792 read(0, "m", 1) = 1
[pid 2357854] 1618429084.624813 read(0, "p", 1) = 1
[pid 2357854] 1618429084.624833 read(0, "/", 1) = 1
[pid 2357859] 1618429084.624849 access("/etc/ld.so.preload", R_OK <unfinished ...>
[pid 2357854] 1618429084.624860 read(0,  <unfinished ...>
[pid 2357859] 1618429084.624868 <... access resumed>) = -1 ENOENT (No such file or directory)
[pid 2357854] 1618429084.624878 <... read resumed>"t", 1) = 1
[pid 2357854] 1618429084.624890 read(0, "e", 1) = 1
[pid 2357854] 1618429084.624907 read(0, "s", 1) = 1
[pid 2357854] 1618429084.624925 read(0, "t", 1) = 1
[pid 2357854] 1618429084.624943 read(0, ".", 1) = 1
[pid 2357854] 1618429084.624964 read(0, "t", 1) = 1
[pid 2357859] 1618429084.624979 read(4,  <unfinished ...>
[pid 2357854] 1618429084.624987 read(0,  <unfinished ...>
[pid 2357859] 1618429084.624995 <... read resumed>"\177ELF\2\1\1\0\0\0"..., 832) = 832
[pid 2357854] 1618429084.625004 <... read resumed>"a", 1) = 1
[pid 2357854] 1618429084.625016 read(0, "r", 1) = 1
[pid 2357854] 1618429084.625033 read(0, " ", 1) = 1
[pid 2357854] 1618429084.625051 read(0, "-", 1) = 1
[pid 2357854] 1618429084.625069 read(0, "C", 1) = 1
[pid 2357854] 1618429084.625086 read(0, " ", 1) = 1
[pid 2357854] 1618429084.625104 read(0, "/", 1) = 1
[pid 2357854] 1618429084.625125 read(0, " ", 1) = 1
[pid 2357854] 1618429084.625143 read(0, "b", 1) = 1
[pid 2357859] 1618429084.625158 read(4,  <unfinished ...>
[pid 2357854] 1618429084.625166 read(0,  <unfinished ...>
[pid 2357859] 1618429084.625174 <... read resumed>"\177ELF\2\1\1\3\0\0"..., 832) = 832
[pid 2357854] 1618429084.625183 <... read resumed>"i", 1) = 1
[pid 2357854] 1618429084.625195 read(0, "n", 1) = 1
[pid 2357854] 1618429084.625212 read(0, "\n", 1) = 1
[pid 2357854] 1618429084.625234 write(1, "now\n", 4 <unfinished ...>
[pid 2357856] 1618429084.625252 <... read resumed>"now\n", 4096) = 4
[pid 2357854] 1618429084.625259 <... write resumed>) = 4
[pid 2357854] 1618429084.625274 read(0,  <unfinished ...>
[pid 2357856] 1618429084.625305 read(0,  <unfinished ...>
[pid 2357859] 1618429084.625699 read(4, "# Locale n"..., 4096) = 2998
[pid 2357859] 1618429084.625725 read(4, "", 4096) = 0
[pid 2357859] 1618429084.626143 read(6, "# Name Ser"..., 4096) = 328
[pid 2357859] 1618429084.626169 read(6, "", 4096) = 0
[pid 2357859] 1618429084.626274 read(6, "\177ELF\2\1\1\0\0\0"..., 832) = 832
[pid 2357859] 1618429084.626474 read(6, "root:x:0:0"..., 4096) = 1642
[pid 2357859] 1618429084.626619 read(6, "root:x:0:r"..., 4096) = 942
[pid 2357859] 1618429084.626709 read(6, "\177ELF\2\1\1\0\0\0"..., 832) = 832
[pid 2357859] 1618429084.626818 read(6, "\177ELF\2\1\1\0\0\0"..., 832) = 832
[pid 2357859] 1618429084.626926 read(6, "\177ELF\2\1\1\0\0\0"..., 832) = 832
[pid 2357859] 1618429084.627032 read(6, "\177ELF\2\1\1\0\0\0"..., 832) = 832
[pid 2357859] 1618429084.627149 read(6, "\177ELF\2\1\1\0\0\0"..., 832) = 832
[pid 2357859] 1618429084.627273 read(6, "\177ELF\2\1\1\0\0\0"..., 832) = 832
[pid 2357859] 1618429084.627381 read(6, "\177ELF\2\1\1\0\0\0"..., 832) = 832
[pid 2357859] 1618429084.627523 read(6, "\177ELF\2\1\1\0\0\0"..., 832) = 832
[pid 2357859] 1618429084.628223 write(4, "bin\0\0\0\0\0\0\0"..., 10240) = 10240
[pid 2357859] 1618429084.628468 +++ exited with 0 +++
[pid 2357831] 1618429084.628563 --- SIGCHLD {si_signo=SIGCHLD, si_code=CLD_EXITED, si_pid=2357859, si_uid=1000, si_status=0, si_utime=0, si_stime=0} ---
[pid 2357831] 1618429084.628616 write(2, "+ gzip /tm"..., 21) = 21
[pid 2357853] 1618429084.628640 <... read resumed>"+ gzip /tm"..., 8192) = 21
[pid 2357853] 1618429084.628660 write(1, "+ gzip /tm"..., 21 <unfinished ...>
[pid 2357854] 1618429084.628682 <... read resumed>"+", 1) = 1
[pid 2357853] 1618429084.628691 <... write resumed>) = 21
[pid 2357854] 1618429084.628701 read(0,  <unfinished ...>
[pid 2357853] 1618429084.628715 write(4, "+ gzip /tm"..., 21 <unfinished ...>
[pid 2357854] 1618429084.628724 <... read resumed>" ", 1) = 1
[pid 2357853] 1618429084.628736 <... write resumed>) = 21
[pid 2357854] 1618429084.628744 read(0,  <unfinished ...>
[pid 2357853] 1618429084.628755 read(0,  <unfinished ...>
[pid 2357854] 1618429084.628763 <... read resumed>"g", 1) = 1
[pid 2357854] 1618429084.628775 read(0, "z", 1) = 1
[pid 2357854] 1618429084.628796 read(0, "i", 1) = 1
[pid 2357854] 1618429084.628817 read(0, "p", 1) = 1
[pid 2357854] 1618429084.628837 read(0, " ", 1) = 1
[pid 2357854] 1618429084.628857 read(0, "/", 1) = 1
[pid 2357854] 1618429084.628877 read(0, "t", 1) = 1
[pid 2357831] 1618429084.628894 access("/usr/bin/gzip", X_OK <unfinished ...>
[pid 2357854] 1618429084.628906 read(0,  <unfinished ...>
[pid 2357831] 1618429084.628916 <... access resumed>) = 0
[pid 2357854] 1618429084.628923 <... read resumed>"m", 1) = 1
[pid 2357854] 1618429084.628936 read(0, "p", 1) = 1
[pid 2357854] 1618429084.628962 read(0, "/", 1) = 1
[pid 2357854] 1618429084.628982 read(0, "t", 1) = 1
[pid 2357854] 1618429084.629002 read(0, "e", 1) = 1
[pid 2357854] 1618429084.629022 read(0,  <unfinished ...>
[pid 2357831] 1618429084.629032 access("/usr/bin/gzip", R_OK <unfinished ...>
[pid 2357854] 1618429084.629043 <... read resumed>"s", 1) = 1
[pid 2357831] 1618429084.629053 <... access resumed>) = 0
[pid 2357854] 1618429084.629060 read(0, "t", 1) = 1
[pid 2357854] 1618429084.629081 read(0, ".", 1) = 1
[pid 2357854] 1618429084.629101 read(0, "t", 1) = 1
[pid 2357854] 1618429084.629121 read(0, "a", 1) = 1
[pid 2357854] 1618429084.629141 read(0, "r", 1) = 1
[pid 2357854] 1618429084.629166 read(0, "\n", 1) = 1
[pid 2357831] 1618429084.629184 access("/usr/bin/gzip", X_OK <unfinished ...>
[pid 2357854] 1618429084.629195 write(1, "now\n", 4 <unfinished ...>
[pid 2357831] 1618429084.629206 <... access resumed>) = 0
[pid 2357856] 1618429084.629214 <... read resumed>"now\n", 4096) = 4
[pid 2357854] 1618429084.629223 <... write resumed>) = 4
[pid 2357854] 1618429084.629237 read(0,  <unfinished ...>
[pid 2357856] 1618429084.629275 read(0,  <unfinished ...>
[pid 2357831] 1618429084.629301 access("/usr/bin/gzip", R_OK) = 0
strace: Process 2357860 attached
[pid 2357860] 1618429084.629736 access("/etc/ld.so.preload", R_OK) = -1 ENOENT (No such file or directory)
[pid 2357860] 1618429084.629822 read(4, "\177ELF\2\1\1\3\0\0"..., 832) = 832
[pid 2357860] 1618429084.630465 read(5, "bin\0\0\0\0\0\0\0"..., 65536) = 10240
[pid 2357860] 1618429084.630548 read(5, "", 55296) = 0
[pid 2357860] 1618429084.630584 write(6, "\37\213\10\10\234Dw`\0\3"..., 119) = 119
[pid 2357860] 1618429084.630757 +++ exited with 0 +++
[pid 2357831] 1618429084.630848 --- SIGCHLD {si_signo=SIGCHLD, si_code=CLD_EXITED, si_pid=2357860, si_uid=1000, si_status=0, si_utime=0, si_stime=0} ---
[pid 2357831] 1618429084.630898 write(2, "+ rm /tmp/"..., 22) = 22
[pid 2357853] 1618429084.630921 <... read resumed>"+ rm /tmp/"..., 8192) = 22
[pid 2357853] 1618429084.630944 write(1, "+ rm /tmp/"..., 22 <unfinished ...>
[pid 2357854] 1618429084.630968 <... read resumed>"+", 1) = 1
[pid 2357853] 1618429084.630977 <... write resumed>) = 22
[pid 2357853] 1618429084.630993 write(4, "+ rm /tmp/"..., 22 <unfinished ...>
[pid 2357854] 1618429084.631016 read(0,  <unfinished ...>
[pid 2357853] 1618429084.631024 <... write resumed>) = 22
[pid 2357853] 1618429084.631038 read(0,  <unfinished ...>
[pid 2357854] 1618429084.631070 <... read resumed>" ", 1) = 1
[pid 2357831] 1618429084.631111 access("/usr/bin/rm", X_OK <unfinished ...>
[pid 2357854] 1618429084.631125 read(0,  <unfinished ...>
[pid 2357831] 1618429084.631138 <... access resumed>) = 0
[pid 2357854] 1618429084.631164 <... read resumed>"r", 1) = 1
[pid 2357831] 1618429084.631211 access("/usr/bin/rm", R_OK <unfinished ...>
[pid 2357854] 1618429084.631223 read(0,  <unfinished ...>
[pid 2357831] 1618429084.631233 <... access resumed>) = 0
[pid 2357854] 1618429084.631240 <... read resumed>"m", 1) = 1
[pid 2357854] 1618429084.631253 read(0, " ", 1) = 1
[pid 2357854] 1618429084.631274 read(0, "/", 1) = 1
[pid 2357854] 1618429084.631295 read(0, "t", 1) = 1
[pid 2357854] 1618429084.631315 read(0, "m", 1) = 1
[pid 2357854] 1618429084.631335 read(0, "p", 1) = 1
[pid 2357854] 1618429084.631355 read(0, "/", 1) = 1
[pid 2357831] 1618429084.631372 access("/usr/bin/rm", X_OK <unfinished ...>
[pid 2357854] 1618429084.631384 read(0,  <unfinished ...>
[pid 2357831] 1618429084.631393 <... access resumed>) = 0
[pid 2357854] 1618429084.631400 <... read resumed>"t", 1) = 1
[pid 2357854] 1618429084.631413 read(0, "e", 1) = 1
[pid 2357854] 1618429084.631434 read(0, "s", 1) = 1
[pid 2357854] 1618429084.631454 read(0, "t", 1) = 1
[pid 2357854] 1618429084.631474 read(0, ".", 1) = 1
[pid 2357854] 1618429084.631495 read(0, "t", 1) = 1
[pid 2357831] 1618429084.631512 access("/usr/bin/rm", R_OK <unfinished ...>
[pid 2357854] 1618429084.631523 read(0,  <unfinished ...>
[pid 2357831] 1618429084.631532 <... access resumed>) = 0
[pid 2357854] 1618429084.631540 <... read resumed>"a", 1) = 1
[pid 2357854] 1618429084.631554 read(0, "r", 1) = 1
[pid 2357854] 1618429084.631575 read(0, ".", 1) = 1
[pid 2357854] 1618429084.631595 read(0, "g", 1) = 1
[pid 2357854] 1618429084.631620 read(0, "z", 1) = 1
[pid 2357854] 1618429084.631646 read(0, "\n", 1) = 1
strace: Process 2357861 attached
[pid 2357854] 1618429084.631677 write(1, "now\n", 4 <unfinished ...>
[pid 2357856] 1618429084.631704 <... read resumed>"now\n", 4096) = 4
[pid 2357854] 1618429084.631722 <... write resumed>) = 4
[pid 2357854] 1618429084.631745 read(0,  <unfinished ...>
[pid 2357856] 1618429084.631819 read(0,  <unfinished ...>
[pid 2357861] 1618429084.632030 access("/etc/ld.so.preload", R_OK) = -1 ENOENT (No such file or directory)
[pid 2357861] 1618429084.632116 read(4, "\177ELF\2\1\1\3\0\0"..., 832) = 832
[pid 2357861] 1618429084.632658 +++ exited with 0 +++
[pid 2357831] 1618429084.632747 --- SIGCHLD {si_signo=SIGCHLD, si_code=CLD_EXITED, si_pid=2357861, si_uid=1000, si_status=0, si_utime=0, si_stime=0} ---
[pid 2357831] 1618429084.632793 write(2, "+ (( 1 ))\n", 10) = 10
[pid 2357853] 1618429084.632816 <... read resumed>"+ (( 1 ))\n", 8192) = 10
[pid 2357831] 1618429084.632829 write(2, "+ (( i-- )"..., 12 <unfinished ...>
[pid 2357853] 1618429084.632841 write(1, "+ (( 1 ))\n", 10 <unfinished ...>
[pid 2357831] 1618429084.632852 <... write resumed>) = 12
[pid 2357854] 1618429084.632860 <... read resumed>"+", 1) = 1
[pid 2357853] 1618429084.632871 <... write resumed>) = 10
[pid 2357854] 1618429084.632880 read(0,  <unfinished ...>
[pid 2357853] 1618429084.632893 write(4, "+ (( 1 ))\n", 10 <unfinished ...>
[pid 2357854] 1618429084.632906 <... read resumed>" ", 1) = 1
[pid 2357853] 1618429084.632917 <... write resumed>) = 10
[pid 2357854] 1618429084.632929 read(0,  <unfinished ...>
[pid 2357853] 1618429084.632941 read(0,  <unfinished ...>
[pid 2357854] 1618429084.632953 <... read resumed>"(", 1) = 1
[pid 2357853] 1618429084.632963 <... read resumed>"+ (( i-- )"..., 8192) = 12
[pid 2357854] 1618429084.632976 read(0,  <unfinished ...>
[pid 2357831] 1618429084.632988 write(2, "+ tar -cf "..., 33 <unfinished ...>
[pid 2357853] 1618429084.632997 write(1, "+ (( i-- )"..., 12 <unfinished ...>
[pid 2357854] 1618429084.633007 <... read resumed>"(", 1) = 1
[pid 2357831] 1618429084.633016 <... write resumed>) = 33
[pid 2357853] 1618429084.633023 <... write resumed>) = 12
[pid 2357854] 1618429084.633031 read(0,  <unfinished ...>
[pid 2357853] 1618429084.633044 write(4, "+ (( i-- )"..., 12 <unfinished ...>
[pid 2357854] 1618429084.633053 <... read resumed>" ", 1) = 1
[pid 2357853] 1618429084.633064 <... write resumed>) = 12
[pid 2357854] 1618429084.633071 read(0,  <unfinished ...>
[pid 2357853] 1618429084.633087 read(0,  <unfinished ...>
[pid 2357854] 1618429084.633095 <... read resumed>"1", 1) = 1
[pid 2357853] 1618429084.633106 <... read resumed>"+ tar -cf "..., 8192) = 33
[pid 2357854] 1618429084.633115 read(0,  <unfinished ...>
[pid 2357853] 1618429084.633127 write(1, "+ tar -cf "..., 33 <unfinished ...>
[pid 2357854] 1618429084.633139 <... read resumed>" ", 1) = 1
[pid 2357853] 1618429084.633152 <... write resumed>) = 33
[pid 2357854] 1618429084.633162 read(0,  <unfinished ...>
[pid 2357853] 1618429084.633175 write(4, "+ tar -cf "..., 33 <unfinished ...>
[pid 2357854] 1618429084.633189 <... read resumed>")", 1) = 1
strace: Process 2357862 attached
[pid 2357854] 1618429084.633208 read(0,  <unfinished ...>
[pid 2357853] 1618429084.633216 <... write resumed>) = 33
[pid 2357854] 1618429084.633228 <... read resumed>")", 1) = 1
[pid 2357853] 1618429084.633244 read(0,  <unfinished ...>
[pid 2357854] 1618429084.633280 read(0, "\n", 1) = 1
[pid 2357854] 1618429084.633378 write(1, "now\n", 4) = 4
[pid 2357856] 1618429084.633436 <... read resumed>"now\n", 4096) = 4
[pid 2357854] 1618429084.633483 read(0,  <unfinished ...>
[pid 2357856] 1618429084.633503 read(0,  <unfinished ...>
[pid 2357854] 1618429084.633535 <... read resumed>"+", 1) = 1
[pid 2357854] 1618429084.633547 read(0, " ", 1) = 1
[pid 2357854] 1618429084.633568 read(0, "(", 1) = 1
[pid 2357854] 1618429084.633586 read(0,  <unfinished ...>
[pid 2357862] 1618429084.633595 access("/etc/ld.so.preload", R_OK <unfinished ...>
[pid 2357854] 1618429084.633606 <... read resumed>"(", 1) = 1
[pid 2357862] 1618429084.633614 <... access resumed>) = -1 ENOENT (No such file or directory)
[pid 2357854] 1618429084.633623 read(0, " ", 1) = 1
[pid 2357854] 1618429084.633641 read(0, "i", 1) = 1
[pid 2357854] 1618429084.633659 read(0, "-", 1) = 1
[pid 2357854] 1618429084.633677 read(0, "-", 1) = 1
[pid 2357854] 1618429084.633695 read(0, " ", 1) = 1
[pid 2357854] 1618429084.633713 read(0,  <unfinished ...>
[pid 2357862] 1618429084.633722 read(4,  <unfinished ...>
[pid 2357854] 1618429084.633730 <... read resumed>")", 1) = 1
[pid 2357862] 1618429084.633738 <... read resumed>"\177ELF\2\1\1\0\0\0"..., 832) = 832
[pid 2357854] 1618429084.633747 read(0, ")", 1) = 1
[pid 2357854] 1618429084.633765 read(0, "\n", 1) = 1
[pid 2357854] 1618429084.633789 write(1, "now\n", 4) = 4
[pid 2357856] 1618429084.633807 <... read resumed>"now\n", 4096) = 4
[pid 2357854] 1618429084.633818 read(0, "+", 1) = 1
[pid 2357854] 1618429084.633839 read(0, " ", 1) = 1
[pid 2357854] 1618429084.633860 read(0,  <unfinished ...>
[pid 2357856] 1618429084.633869 read(0,  <unfinished ...>
[pid 2357854] 1618429084.633880 <... read resumed>"t", 1) = 1
[pid 2357854] 1618429084.633890 read(0, "a", 1) = 1
[pid 2357854] 1618429084.633908 read(0,  <unfinished ...>
[pid 2357862] 1618429084.633917 read(4,  <unfinished ...>
[pid 2357854] 1618429084.633925 <... read resumed>"r", 1) = 1
[pid 2357862] 1618429084.633933 <... read resumed>"\177ELF\2\1\1\3\0\0"..., 832) = 832
[pid 2357854] 1618429084.633943 read(0, " ", 1) = 1
[pid 2357854] 1618429084.633961 read(0, "-", 1) = 1
[pid 2357854] 1618429084.633978 read(0, "c", 1) = 1
[pid 2357854] 1618429084.633996 read(0, "f", 1) = 1
[pid 2357854] 1618429084.634014 read(0, " ", 1) = 1
[pid 2357854] 1618429084.634032 read(0, "/", 1) = 1
[pid 2357854] 1618429084.634050 read(0, "t", 1) = 1
[pid 2357854] 1618429084.634068 read(0, "m", 1) = 1
[pid 2357854] 1618429084.634086 read(0, "p", 1) = 1
[pid 2357854] 1618429084.634103 read(0, "/", 1) = 1
[pid 2357854] 1618429084.634121 read(0, "t", 1) = 1
[pid 2357854] 1618429084.634139 read(0, "e", 1) = 1
[pid 2357854] 1618429084.634159 read(0, "s", 1) = 1
[pid 2357854] 1618429084.634177 read(0, "t", 1) = 1
[pid 2357854] 1618429084.634195 read(0, ".", 1) = 1
[pid 2357854] 1618429084.634215 read(0, "t", 1) = 1
[pid 2357854] 1618429084.634233 read(0, "a", 1) = 1
[pid 2357854] 1618429084.634251 read(0, "r", 1) = 1
[pid 2357854] 1618429084.634270 read(0, " ", 1) = 1
[pid 2357854] 1618429084.634290 read(0, "-", 1) = 1
[pid 2357854] 1618429084.634311 read(0, "C", 1) = 1
[pid 2357854] 1618429084.634332 read(0, " ", 1) = 1
[pid 2357854] 1618429084.634350 read(0, "/", 1) = 1
[pid 2357854] 1618429084.634369 read(0, " ", 1) = 1
[pid 2357854] 1618429084.634387 read(0, "b", 1) = 1
[pid 2357854] 1618429084.634405 read(0, "i", 1) = 1
[pid 2357854] 1618429084.634423 read(0, "n", 1) = 1
[pid 2357854] 1618429084.634441 read(0, "\n", 1) = 1
[pid 2357854] 1618429084.634467 write(1, "now\n", 4) = 4
[pid 2357856] 1618429084.634485 <... read resumed>"now\n", 4096) = 4
[pid 2357854] 1618429084.634494 read(0,  <unfinished ...>
[pid 2357862] 1618429084.634532 read(4,  <unfinished ...>
[pid 2357856] 1618429084.634540 read(0,  <unfinished ...>
[pid 2357862] 1618429084.634548 <... read resumed>"# Locale n"..., 4096) = 2998
[pid 2357862] 1618429084.634567 read(4, "", 4096) = 0
[pid 2357862] 1618429084.634978 read(6, "# Name Ser"..., 4096) = 328
[pid 2357862] 1618429084.635004 read(6, "", 4096) = 0
[pid 2357862] 1618429084.635107 read(6, "\177ELF\2\1\1\0\0\0"..., 832) = 832
[pid 2357862] 1618429084.635310 read(6, "root:x:0:0"..., 4096) = 1642
[pid 2357862] 1618429084.635452 read(6, "root:x:0:r"..., 4096) = 942
[pid 2357862] 1618429084.635542 read(6, "\177ELF\2\1\1\0\0\0"..., 832) = 832
[pid 2357862] 1618429084.635649 read(6, "\177ELF\2\1\1\0\0\0"..., 832) = 832
[pid 2357862] 1618429084.635759 read(6, "\177ELF\2\1\1\0\0\0"..., 832) = 832
[pid 2357862] 1618429084.635865 read(6, "\177ELF\2\1\1\0\0\0"..., 832) = 832
[pid 2357862] 1618429084.635981 read(6, "\177ELF\2\1\1\0\0\0"..., 832) = 832
[pid 2357862] 1618429084.636106 read(6, "\177ELF\2\1\1\0\0\0"..., 832) = 832
[pid 2357862] 1618429084.636213 read(6, "\177ELF\2\1\1\0\0\0"..., 832) = 832
[pid 2357862] 1618429084.636356 read(6, "\177ELF\2\1\1\0\0\0"..., 832) = 832
[pid 2357862] 1618429084.636982 write(4, "bin\0\0\0\0\0\0\0"..., 10240) = 10240
[pid 2357862] 1618429084.637137 +++ exited with 0 +++
[pid 2357831] 1618429084.637225 --- SIGCHLD {si_signo=SIGCHLD, si_code=CLD_EXITED, si_pid=2357862, si_uid=1000, si_status=0, si_utime=0, si_stime=0} ---
[pid 2357831] 1618429084.637270 write(2, "+ gzip /tm"..., 21) = 21
[pid 2357853] 1618429084.637292 <... read resumed>"+ gzip /tm"..., 8192) = 21
[pid 2357853] 1618429084.637307 write(1, "+ gzip /tm"..., 21 <unfinished ...>
[pid 2357854] 1618429084.637328 <... read resumed>"+", 1) = 1
[pid 2357853] 1618429084.637337 <... write resumed>) = 21
[pid 2357854] 1618429084.637346 read(0,  <unfinished ...>
[pid 2357853] 1618429084.637359 write(4, "+ gzip /tm"..., 21 <unfinished ...>
[pid 2357854] 1618429084.637372 <... read resumed>" ", 1) = 1
[pid 2357853] 1618429084.637384 <... write resumed>) = 21
[pid 2357854] 1618429084.637395 read(0,  <unfinished ...>
[pid 2357853] 1618429084.637407 read(0,  <unfinished ...>
[pid 2357854] 1618429084.637419 <... read resumed>"g", 1) = 1
strace: Process 2357863 attached
[pid 2357854] 1618429084.637436 read(0, "z", 1) = 1
[pid 2357854] 1618429084.637460 read(0, "i", 1) = 1
[pid 2357854] 1618429084.637481 read(0, "p", 1) = 1
[pid 2357854] 1618429084.637513 read(0, " ", 1) = 1
[pid 2357854] 1618429084.637543 read(0, "/", 1) = 1
[pid 2357854] 1618429084.637566 read(0, "t", 1) = 1
[pid 2357854] 1618429084.637591 read(0, "m", 1) = 1
[pid 2357854] 1618429084.637615 read(0, "p", 1) = 1
[pid 2357854] 1618429084.637643 read(0, "/", 1) = 1
[pid 2357854] 1618429084.637667 read(0, "t", 1) = 1
[pid 2357854] 1618429084.637691 read(0, "e", 1) = 1
[pid 2357854] 1618429084.637711 read(0, "s", 1) = 1
[pid 2357854] 1618429084.637731 read(0, "t", 1) = 1
[pid 2357854] 1618429084.637751 read(0, ".", 1) = 1
[pid 2357854] 1618429084.637772 read(0, "t", 1) = 1
[pid 2357854] 1618429084.637791 read(0, "a", 1) = 1
[pid 2357854] 1618429084.637810 read(0, "r", 1) = 1
[pid 2357854] 1618429084.637831 read(0, "\n", 1) = 1
[pid 2357863] 1618429084.637853 access("/etc/ld.so.preload", R_OK <unfinished ...>
[pid 2357854] 1618429084.637863 write(1, "now\n", 4 <unfinished ...>
[pid 2357863] 1618429084.637873 <... access resumed>) = -1 ENOENT (No such file or directory)
[pid 2357856] 1618429084.637886 <... read resumed>"now\n", 4096) = 4
[pid 2357854] 1618429084.637894 <... write resumed>) = 4
[pid 2357854] 1618429084.637907 read(0,  <unfinished ...>
[pid 2357856] 1618429084.637935 read(0,  <unfinished ...>
[pid 2357863] 1618429084.637978 read(4, "\177ELF\2\1\1\3\0\0"..., 832) = 832
[pid 2357863] 1618429084.638518 read(5, "bin\0\0\0\0\0\0\0"..., 65536) = 10240
[pid 2357863] 1618429084.638584 read(5, "", 55296) = 0
[pid 2357863] 1618429084.638610 write(6, "\37\213\10\10\234Dw`\0\3"..., 119) = 119
[pid 2357863] 1618429084.638772 +++ exited with 0 +++
[pid 2357831] 1618429084.638859 --- SIGCHLD {si_signo=SIGCHLD, si_code=CLD_EXITED, si_pid=2357863, si_uid=1000, si_status=0, si_utime=0, si_stime=0} ---
[pid 2357831] 1618429084.638906 write(2, "+ rm /tmp/"..., 22) = 22
[pid 2357853] 1618429084.638928 <... read resumed>"+ rm /tmp/"..., 8192) = 22
[pid 2357853] 1618429084.638944 write(1, "+ rm /tmp/"..., 22 <unfinished ...>
[pid 2357854] 1618429084.638964 <... read resumed>"+", 1) = 1
[pid 2357853] 1618429084.638973 <... write resumed>) = 22
[pid 2357854] 1618429084.638982 read(0,  <unfinished ...>
[pid 2357853] 1618429084.638995 write(4, "+ rm /tmp/"..., 22 <unfinished ...>
[pid 2357854] 1618429084.639010 <... read resumed>" ", 1) = 1
[pid 2357853] 1618429084.639023 <... write resumed>) = 22
[pid 2357854] 1618429084.639034 read(0,  <unfinished ...>
[pid 2357853] 1618429084.639046 read(0,  <unfinished ...>
[pid 2357854] 1618429084.639058 <... read resumed>"r", 1) = 1
strace: Process 2357864 attached
[pid 2357854] 1618429084.639076 read(0, "m", 1) = 1
[pid 2357854] 1618429084.639105 read(0, " ", 1) = 1
[pid 2357854] 1618429084.639132 read(0, "/", 1) = 1
[pid 2357854] 1618429084.639157 read(0, "t", 1) = 1
[pid 2357854] 1618429084.639186 read(0, "m", 1) = 1
[pid 2357854] 1618429084.639211 read(0, "p", 1) = 1
[pid 2357854] 1618429084.639241 read(0, "/", 1) = 1
[pid 2357854] 1618429084.639264 read(0, "t", 1) = 1
[pid 2357854] 1618429084.639290 read(0, "e", 1) = 1
[pid 2357854] 1618429084.639312 read(0, "s", 1) = 1
[pid 2357854] 1618429084.639333 read(0, "t", 1) = 1
[pid 2357854] 1618429084.639354 read(0, ".", 1) = 1
[pid 2357854] 1618429084.639374 read(0, "t", 1) = 1
[pid 2357854] 1618429084.639392 read(0, "a", 1) = 1
[pid 2357854] 1618429084.639413 read(0, "r", 1) = 1
[pid 2357854] 1618429084.639433 read(0, ".", 1) = 1
[pid 2357864] 1618429084.639453 access("/etc/ld.so.preload", R_OK <unfinished ...>
[pid 2357854] 1618429084.639466 read(0,  <unfinished ...>
[pid 2357864] 1618429084.639475 <... access resumed>) = -1 ENOENT (No such file or directory)
[pid 2357854] 1618429084.639483 <... read resumed>"g", 1) = 1
[pid 2357854] 1618429084.639495 read(0, "z", 1) = 1
[pid 2357854] 1618429084.639512 read(0, "\n", 1) = 1
[pid 2357854] 1618429084.639535 write(1, "now\n", 4) = 4
[pid 2357856] 1618429084.639552 <... read resumed>"now\n", 4096) = 4
[pid 2357854] 1618429084.639564 read(0,  <unfinished ...>
[pid 2357864] 1618429084.639577 read(4, "\177ELF\2\1\1\3\0\0"..., 832) = 832
[pid 2357856] 1618429084.639607 read(0,  <unfinished ...>
[pid 2357864] 1618429084.640136 +++ exited with 0 +++
[pid 2357831] 1618429084.640223 --- SIGCHLD {si_signo=SIGCHLD, si_code=CLD_EXITED, si_pid=2357864, si_uid=1000, si_status=0, si_utime=0, si_stime=0} ---
[pid 2357831] 1618429084.640268 write(2, "+ (( 1 ))\n", 10) = 10
[pid 2357853] 1618429084.640289 <... read resumed>"+ (( 1 ))\n", 8192) = 10
[pid 2357831] 1618429084.640302 write(2, "+ (( i-- )"..., 12 <unfinished ...>
[pid 2357853] 1618429084.640314 write(1, "+ (( 1 ))\n", 10 <unfinished ...>
[pid 2357831] 1618429084.640324 <... write resumed>) = 12
[pid 2357854] 1618429084.640332 <... read resumed>"+", 1) = 1
[pid 2357853] 1618429084.640343 <... write resumed>) = 10
[pid 2357854] 1618429084.640356 read(0,  <unfinished ...>
[pid 2357853] 1618429084.640367 write(4, "+ (( 1 ))\n", 10 <unfinished ...>
[pid 2357854] 1618429084.640384 <... read resumed>" ", 1) = 1
[pid 2357853] 1618429084.640394 <... write resumed>) = 10
[pid 2357854] 1618429084.640408 read(0,  <unfinished ...>
[pid 2357853] 1618429084.640424 read(0,  <unfinished ...>
[pid 2357854] 1618429084.640439 <... read resumed>"(", 1) = 1
[pid 2357853] 1618429084.640447 <... read resumed>"+ (( i-- )"..., 8192) = 12
[pid 2357854] 1618429084.640458 read(0,  <unfinished ...>
[pid 2357853] 1618429084.640466 write(1, "+ (( i-- )"..., 12 <unfinished ...>
[pid 2357854] 1618429084.640478 <... read resumed>"(", 1) = 1
[pid 2357853] 1618429084.640485 <... write resumed>) = 12
[pid 2357854] 1618429084.640495 read(0,  <unfinished ...>
[pid 2357853] 1618429084.640505 write(4, "+ (( i-- )"..., 12 <unfinished ...>
[pid 2357854] 1618429084.640518 <... read resumed>" ", 1) = 1
[pid 2357853] 1618429084.640528 <... write resumed>) = 12
[pid 2357854] 1618429084.640538 read(0,  <unfinished ...>
[pid 2357853] 1618429084.640548 read(0,  <unfinished ...>
[pid 2357854] 1618429084.640555 <... read resumed>"1", 1) = 1
[pid 2357831] 1618429084.640564 read(255,  <unfinished ...>
[pid 2357854] 1618429084.640572 read(0,  <unfinished ...>
[pid 2357831] 1618429084.640580 <... read resumed>"\nset +x\nex"..., 686) = 377
[pid 2357854] 1618429084.640589 <... read resumed>" ", 1) = 1
[pid 2357854] 1618429084.640601 read(0, ")", 1) = 1
[pid 2357854] 1618429084.640618 read(0, ")", 1) = 1
[pid 2357854] 1618429084.640637 read(0,  <unfinished ...>
[pid 2357831] 1618429084.640646 write(2, "+ set +x\n", 9 <unfinished ...>
[pid 2357854] 1618429084.640656 <... read resumed>"\n", 1) = 1
[pid 2357831] 1618429084.640665 <... write resumed>) = 9
[pid 2357853] 1618429084.640671 <... read resumed>"+ set +x\n", 8192) = 9
[pid 2357854] 1618429084.640679 write(1, "now\n", 4 <unfinished ...>
[pid 2357853] 1618429084.640691 write(1, "+ set +x\n", 9 <unfinished ...>
[pid 2357856] 1618429084.640704 <... read resumed>"now\n", 4096) = 4
[pid 2357854] 1618429084.640712 <... write resumed>) = 4
[pid 2357853] 1618429084.640719 <... write resumed>) = 9
[pid 2357854] 1618429084.640731 read(0,  <unfinished ...>
[pid 2357853] 1618429084.640738 write(4, "+ set +x\n", 9 <unfinished ...>
[pid 2357854] 1618429084.640752 <... read resumed>"+", 1) = 1
[pid 2357853] 1618429084.640759 <... write resumed>) = 9
[pid 2357854] 1618429084.640771 read(0,  <unfinished ...>
[pid 2357853] 1618429084.640779 read(0,  <unfinished ...>
[pid 2357854] 1618429084.640790 <... read resumed>" ", 1) = 1
[pid 2357856] 1618429084.640801 read(0,  <unfinished ...>
[pid 2357854] 1618429084.640811 read(0, "(", 1) = 1
[pid 2357854] 1618429084.640829 read(0, "(", 1) = 1
[pid 2357854] 1618429084.640852 read(0, " ", 1) = 1
[pid 2357854] 1618429084.640870 read(0, "i", 1) = 1
[pid 2357854] 1618429084.640887 read(0, "-", 1) = 1
[pid 2357854] 1618429084.640905 read(0, "-", 1) = 1
[pid 2357854] 1618429084.640924 read(0, " ", 1) = 1
[pid 2357854] 1618429084.640945 read(0, ")", 1) = 1
[pid 2357854] 1618429084.640963 read(0, ")", 1) = 1
[pid 2357854] 1618429084.640981 read(0, "\n", 1) = 1
[pid 2357853] 1618429084.640998 <... read resumed>"", 8192) = 0
[pid 2357854] 1618429084.641008 write(1, "now\n", 4 <unfinished ...>
[pid 2357856] 1618429084.641027 <... read resumed>"now\n", 4096) = 4
[pid 2357854] 1618429084.641034 <... write resumed>) = 4
[pid 2357854] 1618429084.641047 read(0, "+", 1) = 1
[pid 2357854] 1618429084.641071 read(0, " ", 1) = 1
[pid 2357856] 1618429084.641094 read(0,  <unfinished ...>
[pid 2357854] 1618429084.641101 read(0, "s", 1) = 1
[pid 2357854] 1618429084.641125 read(0, "e", 1) = 1
[pid 2357854] 1618429084.641146 read(0, "t", 1) = 1
[pid 2357854] 1618429084.641165 read(0, " ", 1) = 1
[pid 2357854] 1618429084.641182 read(0, "+", 1) = 1
[pid 2357854] 1618429084.641204 read(0,  <unfinished ...>
[pid 2357853] 1618429084.641211 +++ exited with 0 +++
[pid 2357854] 1618429084.641219 <... read resumed>"x", 1) = 1
[pid 2357854] 1618429084.641231 read(0, "\n", 1) = 1
[pid 2357854] 1618429084.641251 write(1, "now\n", 4 <unfinished ...>
[pid 2357856] 1618429084.641268 <... read resumed>"now\n", 4096) = 4
[pid 2357854] 1618429084.641276 <... write resumed>) = 4
[pid 2357854] 1618429084.641290 read(0, "", 1) = 0
[pid 2357856] 1618429084.641324 read(0, "", 4096) = 0
[pid 2357856] 1618429084.641375 write(1, "1618429084"..., 504) = 504
[pid 2357831] 1618429084.641430 read(255,  <unfinished ...>
[pid 2357854] 1618429084.641438 +++ exited with 0 +++
[pid 2357831] 1618429084.641444 <... read resumed>"", 686) = 0
[pid 2357856] 1618429084.641474 +++ exited with 0 +++
[pid 2357852] 1618429084.641549 --- SIGCHLD {si_signo=SIGCHLD, si_code=CLD_EXITED, si_pid=2357853, si_uid=1000, si_status=0, si_utime=0, si_stime=0} ---
[pid 2357831] 1618429084.641603 +++ exited with 0 +++
1618429084.641704 +++ exited with 0 +++
